<?xml version="1.0" encoding="UTF-8"?>
<!-- Generated by org.testng.reporters.JUnitXMLReporter -->
<testsuite hostname="DESKTOP-USKBAJ4" ignored="1" name="CCPaymentTest Success" tests="1" failures="0" timestamp="15 Dec 2019 17:08:09 GMT" time="36.672" errors="0">
  <testcase name="buyNowProductWithCCPaymentTest" time="22.556" classname="tests.BuyProductUsingCCPaymentTest"/>
  <testcase name="buyNowProductWithCCPaymentFailedTest" time="0.0" classname="tests.BuyProductUsingCCPaymentTest">
    <ignored/>
  </testcase> <!-- buyNowProductWithCCPaymentFailedTest -->
</testsuite> <!-- CCPaymentTest Success -->
