<?xml version="1.0" encoding="UTF-8"?>
<!-- Generated by org.testng.reporters.JUnitXMLReporter -->
<testsuite hostname="DESKTOP-USKBAJ4" ignored="1" name="CCPaymentTest Failure" tests="1" failures="0" timestamp="15 Dec 2019 17:08:36 GMT" time="27.139" errors="0">
  <testcase name="buyNowProductWithCCPaymentFailedTest" time="14.094" classname="tests.BuyProductUsingCCPaymentTest"/>
  <testcase name="buyNowProductWithCCPaymentTest" time="0.0" classname="tests.BuyProductUsingCCPaymentTest">
    <ignored/>
  </testcase> <!-- buyNowProductWithCCPaymentTest -->
</testsuite> <!-- CCPaymentTest Failure -->
