<?xml version="1.0" encoding="UTF-8"?>
<!-- Generated by org.testng.reporters.JUnitXMLReporter -->
<testsuite hostname="DESKTOP-USKBAJ4" ignored="0" name="CCPaymentTest Success" tests="1" failures="1" timestamp="15 Dec 2019 09:28:24 GMT" time="13.278" errors="0">
  <testcase name="buyNowProductWithCCPaymentTest" time="4.711" classname="tests.BuyProductUsingCCPaymentTest">
    <failure type="java.lang.NullPointerException">
      <![CDATA[java.lang.NullPointerException
at pages.ShoppingCartPage.enterName(ShoppingCartPage.java:34)
at tests.BuyProductUsingCCPaymentTest.buyNowProductWithCCPaymentTest(BuyProductUsingCCPaymentTest.java:60)
... Removed 25 stack frames]]>
    </failure>
  </testcase> <!-- buyNowProductWithCCPaymentTest -->
</testsuite> <!-- CCPaymentTest Success -->
