<?xml version="1.0" encoding="UTF-8"?>
<testng-results skipped="0" failed="0" ignored="1" total="2" passed="1">
  <reporter-output>
  </reporter-output>
  <suite name="Suite" duration-ms="27800" started-at="2019-12-15T15:09:00Z" finished-at="2019-12-15T15:09:28Z">
    <groups>
    </groups>
    <test name="CCPaymentTest Success" duration-ms="27800" started-at="2019-12-15T15:09:00Z" finished-at="2019-12-15T15:09:28Z">
      <class name="tests.BuyProductUsingCCPaymentTest">
        <test-method status="PASS" signature="setUp(java.lang.String)[pri:0, instance:tests.BuyProductUsingCCPaymentTest@5f2108b5]" name="setUp" is-config="true" duration-ms="12570" started-at="2019-12-15T15:09:00Z" finished-at="2019-12-15T15:09:13Z">
          <params>
            <param index="0">
              <value>
                <![CDATA[chrome]]>
              </value>
            </param>
          </params>
          <reporter-output>
          </reporter-output>
        </test-method> <!-- setUp -->
        <test-method status="PASS" signature="buyNowProductWithCCPaymentFailedTest()[pri:0, instance:tests.BuyProductUsingCCPaymentTest@5f2108b5]" name="buyNowProductWithCCPaymentFailedTest" duration-ms="14453" started-at="2019-12-15T15:09:13Z" finished-at="2019-12-15T15:09:27Z">
          <reporter-output>
          </reporter-output>
        </test-method> <!-- buyNowProductWithCCPaymentFailedTest -->
        <test-method status="PASS" signature="tearDown()[pri:0, instance:tests.BuyProductUsingCCPaymentTest@5f2108b5]" name="tearDown" is-config="true" duration-ms="744" started-at="2019-12-15T15:09:27Z" finished-at="2019-12-15T15:09:28Z">
          <reporter-output>
          </reporter-output>
        </test-method> <!-- tearDown -->
      </class> <!-- tests.BuyProductUsingCCPaymentTest -->
    </test> <!-- CCPaymentTest Success -->
  </suite> <!-- Suite -->
</testng-results>
